<?xml version="1.0" encoding="UTF-8"?>
<!-- Generated by org.testng.reporters.JUnitReportReporter -->
<testsuite skipped="0" hostname="DESKTOP-SF3L7VT" name="com.fridaytalks.Notepad" tests="1" failures="0" timestamp="2021-05-21T17:42:59 IST" time="7.850" errors="0">
  <testcase name="EnterTimeAndDate" time="7.850" classname="com.fridaytalks.Notepad"/>
  <system-out/>
</testsuite> <!-- com.fridaytalks.Notepad -->
